2013-06-07 20:26:41 Error: Fatal Error (4): syntax error, unexpected '<' in [/Users/thergenreter1/Sites/MDD-1306/application/app/View/Layouts/default.ctp, line 31]
2013-06-07 20:26:41 Error: [FatalErrorException] syntax error, unexpected '<'
Request URL: /
Stack Trace:
#0 /Users/thergenreter1/Sites/MDD-1306/application/lib/Cake/Error/ErrorHandler.php(184): ErrorHandler::handleFatalError(4, 'syntax error, u...', '/Users/thergenr...', 31)
#1 [internal function]: ErrorHandler::handleError(4, 'syntax error, u...', '/Users/thergenr...', 31, Array)
#2 /Users/thergenreter1/Sites/MDD-1306/application/lib/Cake/Core/App.php(926): call_user_func('ErrorHandler::h...', 4, 'syntax error, u...', '/Users/thergenr...', 31, Array)
#3 /Users/thergenreter1/Sites/MDD-1306/application/lib/Cake/Core/App.php(899): App::_checkFatalError()
#4 [internal function]: App::shutdown()
#5 {main}
2013-06-07 20:26:53 Error: Fatal Error (4): syntax error, unexpected '<' in [/Users/thergenreter1/Sites/MDD-1306/application/app/View/Layouts/default.ctp, line 31]
2013-06-07 20:26:53 Error: [FatalErrorException] syntax error, unexpected '<'
Request URL: /
Stack Trace:
#0 /Users/thergenreter1/Sites/MDD-1306/application/lib/Cake/Error/ErrorHandler.php(184): ErrorHandler::handleFatalError(4, 'syntax error, u...', '/Users/thergenr...', 31)
#1 [internal function]: ErrorHandler::handleError(4, 'syntax error, u...', '/Users/thergenr...', 31, Array)
#2 /Users/thergenreter1/Sites/MDD-1306/application/lib/Cake/Core/App.php(926): call_user_func('ErrorHandler::h...', 4, 'syntax error, u...', '/Users/thergenr...', 31, Array)
#3 /Users/thergenreter1/Sites/MDD-1306/application/lib/Cake/Core/App.php(899): App::_checkFatalError()
#4 [internal function]: App::shutdown()
#5 {main}
2013-06-07 20:27:17 Error: Fatal Error (4): syntax error, unexpected 'echo' (T_ECHO), expecting ',' or ';' in [/Users/thergenreter1/Sites/MDD-1306/application/app/View/Layouts/default.ctp, line 35]
2013-06-07 20:27:17 Error: [FatalErrorException] syntax error, unexpected 'echo' (T_ECHO), expecting ',' or ';'
Request URL: /
Stack Trace:
#0 /Users/thergenreter1/Sites/MDD-1306/application/lib/Cake/Error/ErrorHandler.php(184): ErrorHandler::handleFatalError(4, 'syntax error, u...', '/Users/thergenr...', 35)
#1 [internal function]: ErrorHandler::handleError(4, 'syntax error, u...', '/Users/thergenr...', 35, Array)
#2 /Users/thergenreter1/Sites/MDD-1306/application/lib/Cake/Core/App.php(926): call_user_func('ErrorHandler::h...', 4, 'syntax error, u...', '/Users/thergenr...', 35, Array)
#3 /Users/thergenreter1/Sites/MDD-1306/application/lib/Cake/Core/App.php(899): App::_checkFatalError()
#4 [internal function]: App::shutdown()
#5 {main}
